[2018-06-01 08:29:29 LAPTOP-FTSVPG1L] Info D:\北醫\0_專題小組\Final\eggWeb\eggWeb\App_Data\EGGConfig.ini

[2018-06-01 08:29:29 LAPTOP-FTSVPG1L] Info  1

[2018-06-01 08:29:29 LAPTOP-FTSVPG1L] Info D:\北醫\0_專題小組\Final\eggWeb\eggWeb\App_Data\EGGConfig.ini

[2018-06-01 08:29:29 LAPTOP-FTSVPG1L] Info  ../Images/testQRCode.png

[2018-06-01 08:29:29 LAPTOP-FTSVPG1L] Info D:\北醫\0_專題小組\Final\eggWeb\eggWeb\App_Data\EGGConfig.ini

[2018-06-01 08:29:29 LAPTOP-FTSVPG1L] Info  https://line.me/R/ti/p/nXzeAPJ1ZR

[2018-06-01 08:29:38 LAPTOP-FTSVPG1L] Info D:\北醫\0_專題小組\Final\eggWeb\eggWeb\App_Data\EGGConfig.ini

[2018-06-01 08:29:38 LAPTOP-FTSVPG1L] Info  1

[2018-06-01 08:29:38 LAPTOP-FTSVPG1L] Info D:\北醫\0_專題小組\Final\eggWeb\eggWeb\App_Data\EGGConfig.ini

[2018-06-01 08:29:38 LAPTOP-FTSVPG1L] Info  ../Images/testQRCode.png

[2018-06-01 08:29:38 LAPTOP-FTSVPG1L] Info D:\北醫\0_專題小組\Final\eggWeb\eggWeb\App_Data\EGGConfig.ini

[2018-06-01 08:29:38 LAPTOP-FTSVPG1L] Info  https://line.me/R/ti/p/nXzeAPJ1ZR

[2018-06-01 08:32:04 LAPTOP-FTSVPG1L] Info D:\北醫\0_專題小組\Final\eggWeb\eggWeb\App_Data\EGGConfig.ini

[2018-06-01 08:32:04 LAPTOP-FTSVPG1L] Info  1

[2018-06-01 08:32:04 LAPTOP-FTSVPG1L] Info D:\北醫\0_專題小組\Final\eggWeb\eggWeb\App_Data\EGGConfig.ini

[2018-06-01 08:32:04 LAPTOP-FTSVPG1L] Info  ../Images/testQRCode.png

[2018-06-01 08:32:04 LAPTOP-FTSVPG1L] Info D:\北醫\0_專題小組\Final\eggWeb\eggWeb\App_Data\EGGConfig.ini

[2018-06-01 08:32:04 LAPTOP-FTSVPG1L] Info  https://line.me/R/ti/p/nXzeAPJ1ZR

[2018-06-01 08:35:04 LAPTOP-FTSVPG1L] Info D:\北醫\0_專題小組\Final\eggWeb\eggWeb\App_Data\EGGConfig.ini

[2018-06-01 08:35:04 LAPTOP-FTSVPG1L] Info  1

[2018-06-01 08:35:04 LAPTOP-FTSVPG1L] Info D:\北醫\0_專題小組\Final\eggWeb\eggWeb\App_Data\EGGConfig.ini

[2018-06-01 08:35:04 LAPTOP-FTSVPG1L] Info  ../Images/testQRCode.png

[2018-06-01 08:35:04 LAPTOP-FTSVPG1L] Info D:\北醫\0_專題小組\Final\eggWeb\eggWeb\App_Data\EGGConfig.ini

[2018-06-01 08:35:04 LAPTOP-FTSVPG1L] Info  https://line.me/R/ti/p/nXzeAPJ1ZR

[2018-06-01 08:36:02 LAPTOP-FTSVPG1L] Info D:\北醫\0_專題小組\Final\eggWeb\eggWeb\App_Data\EGGConfig.ini

[2018-06-01 08:36:02 LAPTOP-FTSVPG1L] Info  1

[2018-06-01 08:36:02 LAPTOP-FTSVPG1L] Info D:\北醫\0_專題小組\Final\eggWeb\eggWeb\App_Data\EGGConfig.ini

[2018-06-01 08:36:02 LAPTOP-FTSVPG1L] Info  ../Images/testQRCode.png

[2018-06-01 08:36:02 LAPTOP-FTSVPG1L] Info D:\北醫\0_專題小組\Final\eggWeb\eggWeb\App_Data\EGGConfig.ini

[2018-06-01 08:36:02 LAPTOP-FTSVPG1L] Info  https://line.me/R/ti/p/nXzeAPJ1ZR

[2018-06-01 08:37:02 LAPTOP-FTSVPG1L] Info D:\北醫\0_專題小組\Final\eggWeb\eggWeb\App_Data\EGGConfig.ini

[2018-06-01 08:37:02 LAPTOP-FTSVPG1L] Info  1

[2018-06-01 08:37:02 LAPTOP-FTSVPG1L] Info D:\北醫\0_專題小組\Final\eggWeb\eggWeb\App_Data\EGGConfig.ini

[2018-06-01 08:37:02 LAPTOP-FTSVPG1L] Info  ../Images/testQRCode.png

[2018-06-01 08:37:02 LAPTOP-FTSVPG1L] Info D:\北醫\0_專題小組\Final\eggWeb\eggWeb\App_Data\EGGConfig.ini

[2018-06-01 08:37:02 LAPTOP-FTSVPG1L] Info  https://line.me/R/ti/p/nXzeAPJ1ZR

[2018-06-01 08:37:34 LAPTOP-FTSVPG1L] Info D:\北醫\0_專題小組\Final\eggWeb\eggWeb\App_Data\EGGConfig.ini

[2018-06-01 08:37:34 LAPTOP-FTSVPG1L] Info  1

[2018-06-01 08:37:34 LAPTOP-FTSVPG1L] Info D:\北醫\0_專題小組\Final\eggWeb\eggWeb\App_Data\EGGConfig.ini

[2018-06-01 08:37:34 LAPTOP-FTSVPG1L] Info  ../Images/testQRCode.png

[2018-06-01 08:37:34 LAPTOP-FTSVPG1L] Info D:\北醫\0_專題小組\Final\eggWeb\eggWeb\App_Data\EGGConfig.ini

[2018-06-01 08:37:34 LAPTOP-FTSVPG1L] Info  https://line.me/R/ti/p/nXzeAPJ1ZR

[2018-06-01 08:38:41 LAPTOP-FTSVPG1L] Info D:\北醫\0_專題小組\Final\eggWeb\eggWeb\App_Data\EGGConfig.ini

[2018-06-01 08:38:41 LAPTOP-FTSVPG1L] Info  1

[2018-06-01 08:38:41 LAPTOP-FTSVPG1L] Info D:\北醫\0_專題小組\Final\eggWeb\eggWeb\App_Data\EGGConfig.ini

[2018-06-01 08:38:41 LAPTOP-FTSVPG1L] Info  ../Images/testQRCode.png

[2018-06-01 08:38:41 LAPTOP-FTSVPG1L] Info D:\北醫\0_專題小組\Final\eggWeb\eggWeb\App_Data\EGGConfig.ini

[2018-06-01 08:38:41 LAPTOP-FTSVPG1L] Info  https://line.me/R/ti/p/nXzeAPJ1ZR

[2018-06-01 08:39:31 LAPTOP-FTSVPG1L] Info D:\北醫\0_專題小組\Final\eggWeb\eggWeb\App_Data\EGGConfig.ini

[2018-06-01 08:39:31 LAPTOP-FTSVPG1L] Info  1

[2018-06-01 08:39:31 LAPTOP-FTSVPG1L] Info D:\北醫\0_專題小組\Final\eggWeb\eggWeb\App_Data\EGGConfig.ini

[2018-06-01 08:39:31 LAPTOP-FTSVPG1L] Info  ../Images/testQRCode.png

[2018-06-01 08:39:31 LAPTOP-FTSVPG1L] Info D:\北醫\0_專題小組\Final\eggWeb\eggWeb\App_Data\EGGConfig.ini

[2018-06-01 08:39:31 LAPTOP-FTSVPG1L] Info  https://line.me/R/ti/p/nXzeAPJ1ZR

[2018-06-01 08:42:03 LAPTOP-FTSVPG1L] Info D:\北醫\0_專題小組\Final\eggWeb\eggWeb\App_Data\EGGConfig.ini

[2018-06-01 08:42:03 LAPTOP-FTSVPG1L] Info "蛋蛋測試區", "我買的是洗選蛋", "我買的不是洗選蛋", "我把雞蛋放在室溫", "我把雞蛋放在冰箱", "我在北部", "我在中部", "我在南部"

[2018-06-01 08:42:06 LAPTOP-FTSVPG1L] Info D:\北醫\0_專題小組\Final\eggWeb\eggWeb\App_Data\EGGConfig.ini

[2018-06-01 08:42:06 LAPTOP-FTSVPG1L] Info  "你的蛋蛋已經不建議食用了，新鮮度不佳!","雞蛋新鮮度不佳了，不建議食用","雞蛋放太久了，營養程度不佳，不建議食用","喔喔~你的雞蛋放太久了，不建議食用，快去蛋蛋長知識看如何保存雞蛋吧!!"

[2018-06-01 08:46:43 LAPTOP-FTSVPG1L] Info D:\北醫\0_專題小組\Final\eggWeb\eggWeb\App_Data\EGGConfig.ini

[2018-06-01 08:46:43 LAPTOP-FTSVPG1L] Info  1

[2018-06-01 08:46:43 LAPTOP-FTSVPG1L] Info D:\北醫\0_專題小組\Final\eggWeb\eggWeb\App_Data\EGGConfig.ini

[2018-06-01 08:46:43 LAPTOP-FTSVPG1L] Info  ../Images/testQRCode.png

[2018-06-01 08:46:43 LAPTOP-FTSVPG1L] Info D:\北醫\0_專題小組\Final\eggWeb\eggWeb\App_Data\EGGConfig.ini

[2018-06-01 08:46:43 LAPTOP-FTSVPG1L] Info  https://line.me/R/ti/p/nXzeAPJ1ZR

[2018-06-01 08:50:59 LAPTOP-FTSVPG1L] Info D:\北醫\0_專題小組\Final\eggWeb\eggWeb\App_Data\EGGConfig.ini

[2018-06-01 08:50:59 LAPTOP-FTSVPG1L] Info  1

[2018-06-01 08:50:59 LAPTOP-FTSVPG1L] Info D:\北醫\0_專題小組\Final\eggWeb\eggWeb\App_Data\EGGConfig.ini

[2018-06-01 08:50:59 LAPTOP-FTSVPG1L] Info  ../Images/testQRCode.png

[2018-06-01 08:50:59 LAPTOP-FTSVPG1L] Info D:\北醫\0_專題小組\Final\eggWeb\eggWeb\App_Data\EGGConfig.ini

[2018-06-01 08:50:59 LAPTOP-FTSVPG1L] Info  https://line.me/R/ti/p/nXzeAPJ1ZR

[2018-06-01 08:51:11 LAPTOP-FTSVPG1L] Info D:\北醫\0_專題小組\Final\eggWeb\eggWeb\App_Data\EGGConfig.ini

[2018-06-01 08:51:11 LAPTOP-FTSVPG1L] Info  1

[2018-06-01 08:51:11 LAPTOP-FTSVPG1L] Info D:\北醫\0_專題小組\Final\eggWeb\eggWeb\App_Data\EGGConfig.ini

[2018-06-01 08:51:11 LAPTOP-FTSVPG1L] Info  ../Images/testQRCode.png

[2018-06-01 08:51:11 LAPTOP-FTSVPG1L] Info D:\北醫\0_專題小組\Final\eggWeb\eggWeb\App_Data\EGGConfig.ini

[2018-06-01 08:51:11 LAPTOP-FTSVPG1L] Info  https://line.me/R/ti/p/nXzeAPJ1ZR

[2018-06-01 09:10:15 LAPTOP-FTSVPG1L] Info D:\北醫\0_專題小組\Final\eggWeb\eggWeb\App_Data\EGGConfig.ini

[2018-06-01 09:10:15 LAPTOP-FTSVPG1L] Info  1

[2018-06-01 09:10:15 LAPTOP-FTSVPG1L] Info D:\北醫\0_專題小組\Final\eggWeb\eggWeb\App_Data\EGGConfig.ini

[2018-06-01 09:10:15 LAPTOP-FTSVPG1L] Info  ../Images/testQRCode.png

[2018-06-01 09:10:15 LAPTOP-FTSVPG1L] Info D:\北醫\0_專題小組\Final\eggWeb\eggWeb\App_Data\EGGConfig.ini

[2018-06-01 09:10:15 LAPTOP-FTSVPG1L] Info  https://line.me/R/ti/p/nXzeAPJ1ZR

[2018-06-01 20:00:27 LAPTOP-FTSVPG1L] Info D:\北醫\0_專題小組\Final\eggWeb\eggWeb\App_Data\EGGConfig.ini

[2018-06-01 20:00:27 LAPTOP-FTSVPG1L] Info  1

[2018-06-01 20:00:27 LAPTOP-FTSVPG1L] Info D:\北醫\0_專題小組\Final\eggWeb\eggWeb\App_Data\EGGConfig.ini

[2018-06-01 20:00:27 LAPTOP-FTSVPG1L] Info  ../Images/testQRCode.png

[2018-06-01 20:00:27 LAPTOP-FTSVPG1L] Info D:\北醫\0_專題小組\Final\eggWeb\eggWeb\App_Data\EGGConfig.ini

[2018-06-01 20:00:27 LAPTOP-FTSVPG1L] Info  https://line.me/R/ti/p/nXzeAPJ1ZR

[2018-06-01 20:00:54 LAPTOP-FTSVPG1L] Info D:\北醫\0_專題小組\Final\eggWeb\eggWeb\App_Data\EGGConfig.ini

[2018-06-01 20:00:54 LAPTOP-FTSVPG1L] Info  1

[2018-06-01 20:00:54 LAPTOP-FTSVPG1L] Info D:\北醫\0_專題小組\Final\eggWeb\eggWeb\App_Data\EGGConfig.ini

[2018-06-01 20:00:54 LAPTOP-FTSVPG1L] Info  ../Images/testQRCode.png

[2018-06-01 20:00:54 LAPTOP-FTSVPG1L] Info D:\北醫\0_專題小組\Final\eggWeb\eggWeb\App_Data\EGGConfig.ini

[2018-06-01 20:00:54 LAPTOP-FTSVPG1L] Info  https://line.me/R/ti/p/nXzeAPJ1ZR

[2018-06-01 20:02:23 LAPTOP-FTSVPG1L] Info D:\北醫\0_專題小組\Final\eggWeb\eggWeb\App_Data\EGGConfig.ini

[2018-06-01 20:02:23 LAPTOP-FTSVPG1L] Info  1

[2018-06-01 20:02:23 LAPTOP-FTSVPG1L] Info D:\北醫\0_專題小組\Final\eggWeb\eggWeb\App_Data\EGGConfig.ini

[2018-06-01 20:02:23 LAPTOP-FTSVPG1L] Info  ../Images/testQRCode.png

[2018-06-01 20:02:23 LAPTOP-FTSVPG1L] Info D:\北醫\0_專題小組\Final\eggWeb\eggWeb\App_Data\EGGConfig.ini

[2018-06-01 20:02:23 LAPTOP-FTSVPG1L] Info  https://line.me/R/ti/p/nXzeAPJ1ZR

[2018-06-01 20:03:11 LAPTOP-FTSVPG1L] Info D:\北醫\0_專題小組\Final\eggWeb\eggWeb\App_Data\EGGConfig.ini

[2018-06-01 20:03:11 LAPTOP-FTSVPG1L] Info  1

[2018-06-01 20:03:11 LAPTOP-FTSVPG1L] Info D:\北醫\0_專題小組\Final\eggWeb\eggWeb\App_Data\EGGConfig.ini

[2018-06-01 20:03:11 LAPTOP-FTSVPG1L] Info  ../Images/testQRCode.png

[2018-06-01 20:03:11 LAPTOP-FTSVPG1L] Info D:\北醫\0_專題小組\Final\eggWeb\eggWeb\App_Data\EGGConfig.ini

[2018-06-01 20:03:11 LAPTOP-FTSVPG1L] Info  https://line.me/R/ti/p/nXzeAPJ1ZR

[2018-06-01 20:03:57 LAPTOP-FTSVPG1L] Info D:\北醫\0_專題小組\Final\eggWeb\eggWeb\App_Data\EGGConfig.ini

[2018-06-01 20:03:57 LAPTOP-FTSVPG1L] Info  1

[2018-06-01 20:03:57 LAPTOP-FTSVPG1L] Info D:\北醫\0_專題小組\Final\eggWeb\eggWeb\App_Data\EGGConfig.ini

[2018-06-01 20:03:57 LAPTOP-FTSVPG1L] Info  ../Images/testQRCode.png

[2018-06-01 20:03:57 LAPTOP-FTSVPG1L] Info D:\北醫\0_專題小組\Final\eggWeb\eggWeb\App_Data\EGGConfig.ini

[2018-06-01 20:03:57 LAPTOP-FTSVPG1L] Info  https://line.me/R/ti/p/nXzeAPJ1ZR

[2018-06-01 20:04:17 LAPTOP-FTSVPG1L] Info D:\北醫\0_專題小組\Final\eggWeb\eggWeb\App_Data\EGGConfig.ini

[2018-06-01 20:04:17 LAPTOP-FTSVPG1L] Info  1

[2018-06-01 20:04:17 LAPTOP-FTSVPG1L] Info D:\北醫\0_專題小組\Final\eggWeb\eggWeb\App_Data\EGGConfig.ini

[2018-06-01 20:04:17 LAPTOP-FTSVPG1L] Info  ../Images/testQRCode.png

[2018-06-01 20:04:17 LAPTOP-FTSVPG1L] Info D:\北醫\0_專題小組\Final\eggWeb\eggWeb\App_Data\EGGConfig.ini

[2018-06-01 20:04:17 LAPTOP-FTSVPG1L] Info  https://line.me/R/ti/p/nXzeAPJ1ZR

[2018-06-01 20:07:34 LAPTOP-FTSVPG1L] Info D:\北醫\0_專題小組\Final\eggWeb\eggWeb\App_Data\EGGConfig.ini

[2018-06-01 20:07:34 LAPTOP-FTSVPG1L] Info  1

[2018-06-01 20:07:34 LAPTOP-FTSVPG1L] Info D:\北醫\0_專題小組\Final\eggWeb\eggWeb\App_Data\EGGConfig.ini

[2018-06-01 20:07:34 LAPTOP-FTSVPG1L] Info  ../Images/testQRCode.png

[2018-06-01 20:07:34 LAPTOP-FTSVPG1L] Info D:\北醫\0_專題小組\Final\eggWeb\eggWeb\App_Data\EGGConfig.ini

[2018-06-01 20:07:34 LAPTOP-FTSVPG1L] Info  https://line.me/R/ti/p/nXzeAPJ1ZR

[2018-06-01 20:12:10 LAPTOP-FTSVPG1L] Info D:\北醫\0_專題小組\Final\eggWeb\eggWeb\App_Data\EGGConfig.ini

[2018-06-01 20:12:10 LAPTOP-FTSVPG1L] Info  1

[2018-06-01 20:12:10 LAPTOP-FTSVPG1L] Info D:\北醫\0_專題小組\Final\eggWeb\eggWeb\App_Data\EGGConfig.ini

[2018-06-01 20:12:10 LAPTOP-FTSVPG1L] Info  ../Images/testQRCode.png

[2018-06-01 20:12:10 LAPTOP-FTSVPG1L] Info D:\北醫\0_專題小組\Final\eggWeb\eggWeb\App_Data\EGGConfig.ini

[2018-06-01 20:12:10 LAPTOP-FTSVPG1L] Info  https://line.me/R/ti/p/nXzeAPJ1ZR

[2018-06-01 20:14:59 LAPTOP-FTSVPG1L] Info D:\北醫\0_專題小組\Final\eggWeb\eggWeb\App_Data\EGGConfig.ini

[2018-06-01 20:14:59 LAPTOP-FTSVPG1L] Info  1

[2018-06-01 20:14:59 LAPTOP-FTSVPG1L] Info D:\北醫\0_專題小組\Final\eggWeb\eggWeb\App_Data\EGGConfig.ini

[2018-06-01 20:14:59 LAPTOP-FTSVPG1L] Info  ../Images/testQRCode.png

[2018-06-01 20:14:59 LAPTOP-FTSVPG1L] Info D:\北醫\0_專題小組\Final\eggWeb\eggWeb\App_Data\EGGConfig.ini

[2018-06-01 20:14:59 LAPTOP-FTSVPG1L] Info  https://line.me/R/ti/p/nXzeAPJ1ZR

[2018-06-01 20:19:25 LAPTOP-FTSVPG1L] Info D:\北醫\0_專題小組\Final\eggWeb\eggWeb\App_Data\EGGConfig.ini

[2018-06-01 20:19:25 LAPTOP-FTSVPG1L] Info  1

[2018-06-01 20:19:25 LAPTOP-FTSVPG1L] Info D:\北醫\0_專題小組\Final\eggWeb\eggWeb\App_Data\EGGConfig.ini

[2018-06-01 20:19:25 LAPTOP-FTSVPG1L] Info  ../Images/testQRCode.png

[2018-06-01 20:19:25 LAPTOP-FTSVPG1L] Info D:\北醫\0_專題小組\Final\eggWeb\eggWeb\App_Data\EGGConfig.ini

[2018-06-01 20:19:25 LAPTOP-FTSVPG1L] Info  https://line.me/R/ti/p/nXzeAPJ1ZR

[2018-06-01 20:19:38 LAPTOP-FTSVPG1L] Info D:\北醫\0_專題小組\Final\eggWeb\eggWeb\App_Data\EGGConfig.ini

[2018-06-01 20:19:38 LAPTOP-FTSVPG1L] Info  1

[2018-06-01 20:19:38 LAPTOP-FTSVPG1L] Info D:\北醫\0_專題小組\Final\eggWeb\eggWeb\App_Data\EGGConfig.ini

[2018-06-01 20:19:39 LAPTOP-FTSVPG1L] Info  ../Images/testQRCode.png

[2018-06-01 20:19:39 LAPTOP-FTSVPG1L] Info D:\北醫\0_專題小組\Final\eggWeb\eggWeb\App_Data\EGGConfig.ini

[2018-06-01 20:19:39 LAPTOP-FTSVPG1L] Info  https://line.me/R/ti/p/nXzeAPJ1ZR

[2018-06-01 20:20:30 LAPTOP-FTSVPG1L] Info D:\北醫\0_專題小組\Final\eggWeb\eggWeb\App_Data\EGGConfig.ini

[2018-06-01 20:20:30 LAPTOP-FTSVPG1L] Info  1

[2018-06-01 20:20:30 LAPTOP-FTSVPG1L] Info D:\北醫\0_專題小組\Final\eggWeb\eggWeb\App_Data\EGGConfig.ini

[2018-06-01 20:20:30 LAPTOP-FTSVPG1L] Info  ../Images/testQRCode.png

[2018-06-01 20:20:30 LAPTOP-FTSVPG1L] Info D:\北醫\0_專題小組\Final\eggWeb\eggWeb\App_Data\EGGConfig.ini

[2018-06-01 20:20:30 LAPTOP-FTSVPG1L] Info  https://line.me/R/ti/p/nXzeAPJ1ZR

[2018-06-01 20:20:39 LAPTOP-FTSVPG1L] Info D:\北醫\0_專題小組\Final\eggWeb\eggWeb\App_Data\EGGConfig.ini

[2018-06-01 20:20:39 LAPTOP-FTSVPG1L] Info  1

[2018-06-01 20:20:39 LAPTOP-FTSVPG1L] Info D:\北醫\0_專題小組\Final\eggWeb\eggWeb\App_Data\EGGConfig.ini

[2018-06-01 20:20:39 LAPTOP-FTSVPG1L] Info  ../Images/testQRCode.png

[2018-06-01 20:20:39 LAPTOP-FTSVPG1L] Info D:\北醫\0_專題小組\Final\eggWeb\eggWeb\App_Data\EGGConfig.ini

[2018-06-01 20:20:39 LAPTOP-FTSVPG1L] Info  https://line.me/R/ti/p/nXzeAPJ1ZR

[2018-06-01 20:20:57 LAPTOP-FTSVPG1L] Info D:\北醫\0_專題小組\Final\eggWeb\eggWeb\App_Data\EGGConfig.ini

[2018-06-01 20:20:57 LAPTOP-FTSVPG1L] Info  1

[2018-06-01 20:20:57 LAPTOP-FTSVPG1L] Info D:\北醫\0_專題小組\Final\eggWeb\eggWeb\App_Data\EGGConfig.ini

[2018-06-01 20:20:57 LAPTOP-FTSVPG1L] Info  ../Images/testQRCode.png

[2018-06-01 20:20:57 LAPTOP-FTSVPG1L] Info D:\北醫\0_專題小組\Final\eggWeb\eggWeb\App_Data\EGGConfig.ini

[2018-06-01 20:20:57 LAPTOP-FTSVPG1L] Info  https://line.me/R/ti/p/nXzeAPJ1ZR

[2018-06-01 20:22:38 LAPTOP-FTSVPG1L] Info D:\北醫\0_專題小組\Final\eggWeb\eggWeb\App_Data\EGGConfig.ini

[2018-06-01 20:22:38 LAPTOP-FTSVPG1L] Info  1

[2018-06-01 20:22:38 LAPTOP-FTSVPG1L] Info D:\北醫\0_專題小組\Final\eggWeb\eggWeb\App_Data\EGGConfig.ini

[2018-06-01 20:22:38 LAPTOP-FTSVPG1L] Info  ../Images/testQRCode.png

[2018-06-01 20:22:38 LAPTOP-FTSVPG1L] Info D:\北醫\0_專題小組\Final\eggWeb\eggWeb\App_Data\EGGConfig.ini

[2018-06-01 20:22:38 LAPTOP-FTSVPG1L] Info  https://line.me/R/ti/p/nXzeAPJ1ZR

[2018-06-01 20:38:19 LAPTOP-FTSVPG1L] Info D:\北醫\0_專題小組\Final\eggWeb\eggWeb\App_Data\EGGConfig.ini

[2018-06-01 20:38:19 LAPTOP-FTSVPG1L] Info  1

[2018-06-01 20:38:19 LAPTOP-FTSVPG1L] Info D:\北醫\0_專題小組\Final\eggWeb\eggWeb\App_Data\EGGConfig.ini

[2018-06-01 20:38:19 LAPTOP-FTSVPG1L] Info  ../Images/testQRCode.png

[2018-06-01 20:38:19 LAPTOP-FTSVPG1L] Info D:\北醫\0_專題小組\Final\eggWeb\eggWeb\App_Data\EGGConfig.ini

[2018-06-01 20:38:19 LAPTOP-FTSVPG1L] Info  https://line.me/R/ti/p/nXzeAPJ1ZR

[2018-06-01 20:46:08 LAPTOP-FTSVPG1L] Info D:\北醫\0_專題小組\Final\eggWeb\eggWeb\App_Data\EGGConfig.ini

[2018-06-01 20:46:08 LAPTOP-FTSVPG1L] Info  1

[2018-06-01 20:46:08 LAPTOP-FTSVPG1L] Info D:\北醫\0_專題小組\Final\eggWeb\eggWeb\App_Data\EGGConfig.ini

[2018-06-01 20:46:08 LAPTOP-FTSVPG1L] Info  ../Images/testQRCode.png

[2018-06-01 20:46:08 LAPTOP-FTSVPG1L] Info D:\北醫\0_專題小組\Final\eggWeb\eggWeb\App_Data\EGGConfig.ini

[2018-06-01 20:46:08 LAPTOP-FTSVPG1L] Info  https://line.me/R/ti/p/nXzeAPJ1ZR

[2018-06-01 20:46:29 LAPTOP-FTSVPG1L] Info D:\北醫\0_專題小組\Final\eggWeb\eggWeb\App_Data\EGGConfig.ini

[2018-06-01 20:46:29 LAPTOP-FTSVPG1L] Info  1

[2018-06-01 20:46:29 LAPTOP-FTSVPG1L] Info D:\北醫\0_專題小組\Final\eggWeb\eggWeb\App_Data\EGGConfig.ini

[2018-06-01 20:46:29 LAPTOP-FTSVPG1L] Info  ../Images/testQRCode.png

[2018-06-01 20:46:30 LAPTOP-FTSVPG1L] Info D:\北醫\0_專題小組\Final\eggWeb\eggWeb\App_Data\EGGConfig.ini

[2018-06-01 20:46:30 LAPTOP-FTSVPG1L] Info  https://line.me/R/ti/p/nXzeAPJ1ZR

[2018-06-01 20:49:15 LAPTOP-FTSVPG1L] Info D:\北醫\0_專題小組\Final\eggWeb\eggWeb\App_Data\EGGConfig.ini

[2018-06-01 20:49:15 LAPTOP-FTSVPG1L] Info  1

[2018-06-01 20:49:15 LAPTOP-FTSVPG1L] Info D:\北醫\0_專題小組\Final\eggWeb\eggWeb\App_Data\EGGConfig.ini

[2018-06-01 20:49:15 LAPTOP-FTSVPG1L] Info  ../Images/testQRCode.png

[2018-06-01 20:49:15 LAPTOP-FTSVPG1L] Info D:\北醫\0_專題小組\Final\eggWeb\eggWeb\App_Data\EGGConfig.ini

[2018-06-01 20:49:15 LAPTOP-FTSVPG1L] Info  https://line.me/R/ti/p/nXzeAPJ1ZR

[2018-06-01 20:50:00 LAPTOP-FTSVPG1L] Info D:\北醫\0_專題小組\Final\eggWeb\eggWeb\App_Data\EGGConfig.ini

[2018-06-01 20:50:00 LAPTOP-FTSVPG1L] Info  1

[2018-06-01 20:50:00 LAPTOP-FTSVPG1L] Info D:\北醫\0_專題小組\Final\eggWeb\eggWeb\App_Data\EGGConfig.ini

[2018-06-01 20:50:00 LAPTOP-FTSVPG1L] Info  ../Images/testQRCode.png

[2018-06-01 20:50:00 LAPTOP-FTSVPG1L] Info D:\北醫\0_專題小組\Final\eggWeb\eggWeb\App_Data\EGGConfig.ini

[2018-06-01 20:50:00 LAPTOP-FTSVPG1L] Info  https://line.me/R/ti/p/nXzeAPJ1ZR

[2018-06-01 20:50:56 LAPTOP-FTSVPG1L] Info D:\北醫\0_專題小組\Final\eggWeb\eggWeb\App_Data\EGGConfig.ini

[2018-06-01 20:50:56 LAPTOP-FTSVPG1L] Info "蛋蛋測試區", "我買的是洗選蛋", "我買的不是洗選蛋", "我把雞蛋放在室溫", "我把雞蛋放在冰箱", "我在北部", "我在中部", "我在南部"

[2018-06-01 20:50:57 LAPTOP-FTSVPG1L] Info D:\北醫\0_專題小組\Final\eggWeb\eggWeb\App_Data\EGGConfig.ini

[2018-06-01 20:50:57 LAPTOP-FTSVPG1L] Info  "你的蛋蛋已經不建議食用了，新鮮度不佳!","雞蛋新鮮度不佳了，不建議食用","雞蛋放太久了，營養程度不佳，不建議食用","喔喔~你的雞蛋放太久了，不建議食用，快去蛋蛋長知識看如何保存雞蛋吧!!"

[2018-06-01 20:51:03 LAPTOP-FTSVPG1L] Info D:\北醫\0_專題小組\Final\eggWeb\eggWeb\App_Data\EGGConfig.ini

[2018-06-01 20:51:03 LAPTOP-FTSVPG1L] Info "蛋蛋測試區", "我買的是洗選蛋", "我買的不是洗選蛋", "我把雞蛋放在室溫", "我把雞蛋放在冰箱", "我在北部", "我在中部", "我在南部"

[2018-06-01 20:51:04 LAPTOP-FTSVPG1L] Info D:\北醫\0_專題小組\Final\eggWeb\eggWeb\App_Data\EGGConfig.ini

[2018-06-01 20:51:04 LAPTOP-FTSVPG1L] Info  "這顆蛋蛋很新鮮，快快煮成美味的蛋料理吧！","你的蛋蛋目前新鮮度還非常好，馬上煮來吃剛剛好!","雞蛋目前還很新鮮呢，做成美味的料理吧！","您的雞蛋新鮮度很不錯唷！"

